<?xml version="1.0" encoding="UTF-8"?>
<!-- Generated by org.testng.reporters.JUnitReportReporter -->
<testsuite hostname="DESKTOP-TBUGFAU" failures="0" tests="1" name="utilities.TC002_verifylogin" time="14.717" errors="0" timestamp="2024-11-19T08:51:02 IST" skipped="0">
  <testcase classname="utilities.TC002_verifylogin" name="verify_login" time="14.717"/>
</testsuite> <!-- utilities.TC002_verifylogin -->
